"../../../Engine/Content/EngineResources/DefaultTexture.ubulk" 0
"../../../Engine/Content/EngineResources/DefaultTexture.uasset" 1
"../../../Engine/Content/EngineResources/DefaultTexture.uexp" 2
"../../../Engine/Content/EngineResources/DefaultTextureCube.uasset" 3
"../../../Engine/Content/EngineResources/DefaultTextureCube.uexp" 4
"../../../Engine/Content/EngineResources/DefaultVolumeTexture2D.uasset" 5
"../../../Engine/Content/EngineResources/DefaultVolumeTexture2D.uexp" 6
"../../../Engine/Content/EngineResources/DefaultVolumeTexture.uasset" 7
"../../../Engine/Content/EngineResources/DefaultVolumeTexture.uexp" 8
"../../../Engine/Content/EngineMeshes/Sphere.ubulk" 9
"../../../Engine/Content/EngineMeshes/Sphere.uasset" 10
"../../../Engine/Content/EngineMeshes/Sphere.uexp" 11
"../../../Engine/Content/EngineResources/GradientTexture0.uasset" 12
"../../../Engine/Content/EngineResources/GradientTexture0.uexp" 13
"../../../Engine/Content/EngineMaterials/T_Default_Material_Grid_M.ubulk" 14
"../../../Engine/Content/EngineMaterials/T_Default_Material_Grid_M.uasset" 15
"../../../Engine/Content/EngineMaterials/T_Default_Material_Grid_M.uexp" 16
"../../../Engine/Content/EngineMaterials/T_Default_Material_Grid_N.ubulk" 17
"../../../Engine/Content/EngineMaterials/T_Default_Material_Grid_N.uasset" 18
"../../../Engine/Content/EngineMaterials/T_Default_Material_Grid_N.uexp" 19
"../../../Engine/Content/Functions/Engine_MaterialFunctions01/Opacity/CameraDepthFade.uasset" 20
"../../../Engine/Content/Functions/Engine_MaterialFunctions01/Opacity/CameraDepthFade.uexp" 21
"../../../Engine/Content/EngineMaterials/WorldGridMaterial.uasset" 22
"../../../Engine/Content/EngineMaterials/WorldGridMaterial.uexp" 23
"../../../Engine/Content/ArtTools/RenderToTexture/Meshes/S_1_Unit_Plane.ubulk" 24
"../../../Engine/Content/ArtTools/RenderToTexture/Meshes/S_1_Unit_Plane.uasset" 25
"../../../Engine/Content/ArtTools/RenderToTexture/Meshes/S_1_Unit_Plane.uexp" 26
"../../../Engine/Content/EngineResources/GrayDarkTextureCube.uasset" 27
"../../../Engine/Content/EngineResources/GrayDarkTextureCube.uexp" 28
"../../../Engine/Plugins/Media/MediaPlate/Content/SM_MediaPlateScreen.ubulk" 29
"../../../Engine/Plugins/Media/MediaPlate/Content/SM_MediaPlateScreen.uasset" 30
"../../../Engine/Plugins/Media/MediaPlate/Content/SM_MediaPlateScreen.uexp" 31
"../../../Engine/Content/EngineMaterials/Good64x64TilingNoiseHighFreq.uasset" 32
"../../../Engine/Content/EngineMaterials/Good64x64TilingNoiseHighFreq.uexp" 33
"../../../Engine/Content/EngineMaterials/DefaultBokeh.uasset" 34
"../../../Engine/Content/EngineMaterials/DefaultBokeh.uexp" 35
"../../../Engine/Content/EngineMaterials/PreintegratedSkinBRDF.uasset" 36
"../../../Engine/Content/EngineMaterials/PreintegratedSkinBRDF.uexp" 37
"../../../Engine/Content/EngineMaterials/MiniFont.uasset" 38
"../../../Engine/Content/EngineMaterials/MiniFont.uexp" 39
"../../../Engine/Content/EngineMaterials/WeightMapPlaceholderTexture.uasset" 40
"../../../Engine/Content/EngineMaterials/WeightMapPlaceholderTexture.uexp" 41
"../../../Engine/Content/EngineMaterials/DefaultWhiteGrid.ubulk" 42
"../../../Engine/Content/EngineMaterials/DefaultWhiteGrid.uasset" 43
"../../../Engine/Content/EngineMaterials/DefaultWhiteGrid.uexp" 44
"../../../Engine/Content/EngineSky/C_Sky_Horizon_Color.uasset" 45
"../../../Engine/Content/EngineSky/C_Sky_Horizon_Color.uexp" 46
"../../../Engine/Content/EngineSky/T_Sky_Stars.ubulk" 47
"../../../Engine/Content/EngineSky/T_Sky_Stars.uasset" 48
"../../../Engine/Content/EngineSky/T_Sky_Stars.uexp" 49
"../../../Engine/Content/EngineSky/T_Sky_Clouds_M.ubulk" 50
"../../../Engine/Content/EngineSky/T_Sky_Clouds_M.uasset" 51
"../../../Engine/Content/EngineSky/T_Sky_Clouds_M.uexp" 52
"../../../Engine/Content/EngineSky/T_Sky_Blue.ubulk" 53
"../../../Engine/Content/EngineSky/T_Sky_Blue.uasset" 54
"../../../Engine/Content/EngineSky/T_Sky_Blue.uexp" 55
"../../../Engine/Content/EngineSky/M_Sky_Panning_Clouds2.uasset" 56
"../../../Engine/Content/EngineSky/M_Sky_Panning_Clouds2.uexp" 57
"../../../Engine/Content/EngineSky/SM_SkySphere.ubulk" 58
"../../../Engine/Content/EngineSky/SM_SkySphere.uasset" 59
"../../../Engine/Content/EngineSky/SM_SkySphere.uexp" 60
"../../../Engine/Content/EngineSky/C_Sky_Cloud_Color.uasset" 61
"../../../Engine/Content/EngineSky/C_Sky_Cloud_Color.uexp" 62
"../../../Engine/Content/EngineSky/C_Sky_Zenith_Color.uasset" 63
"../../../Engine/Content/EngineSky/C_Sky_Zenith_Color.uexp" 64
"../../../Engine/Content/EngineSky/BP_Sky_Sphere.uasset" 65
"../../../Engine/Content/EngineSky/BP_Sky_Sphere.uexp" 66
"../../../Engine/Plugins/Runtime/SunPosition/Content/Editor/M_ArrowColor.uasset" 67
"../../../Engine/Plugins/Runtime/SunPosition/Content/Editor/M_ArrowColor.uexp" 68
"../../../Engine/Plugins/Runtime/SunPosition/Content/Editor/MI_ArrowColorRed.uasset" 69
"../../../Engine/Plugins/Runtime/SunPosition/Content/Editor/MI_ArrowColorRed.uexp" 70
"../../../Engine/Plugins/Runtime/SunPosition/Content/Editor/MI_ArrowColorGrey.uasset" 71
"../../../Engine/Plugins/Runtime/SunPosition/Content/Editor/MI_ArrowColorGrey.uexp" 72
"../../../Engine/Plugins/Runtime/SunPosition/Content/Editor/SM_Compass.ubulk" 73
"../../../Engine/Plugins/Runtime/SunPosition/Content/Editor/SM_Compass.uasset" 74
"../../../Engine/Plugins/Runtime/SunPosition/Content/Editor/SM_Compass.uexp" 75
"../../../Engine/Plugins/Runtime/SunPosition/Content/SunSky.uasset" 76
"../../../Engine/Plugins/Runtime/SunPosition/Content/SunSky.uexp" 77
"../../../Engine/Content/Functions/Engine_MaterialFunctions02/WorldPositionOffset/CameraOffset.uasset" 78
"../../../Engine/Content/Functions/Engine_MaterialFunctions02/WorldPositionOffset/CameraOffset.uexp" 79
"../../../Engine/Plugins/Animation/ControlRig/Content/M_Manip.uasset" 80
"../../../Engine/Plugins/Animation/ControlRig/Content/M_Manip.uexp" 81
"../../../Engine/Plugins/2D/Paper2D/Content/PlaceholderTextures/DummySpriteTexture.ubulk" 82
"../../../Engine/Plugins/2D/Paper2D/Content/PlaceholderTextures/DummySpriteTexture.uasset" 83
"../../../Engine/Plugins/2D/Paper2D/Content/PlaceholderTextures/DummySpriteTexture.uexp" 84
"../../../Engine/Plugins/2D/Paper2D/Content/DefaultSpriteMaterial.uasset" 85
"../../../Engine/Plugins/2D/Paper2D/Content/DefaultSpriteMaterial.uexp" 86
"../../../Engine/Plugins/2D/Paper2D/Content/OpaqueUnlitSpriteMaterial.uasset" 87
"../../../Engine/Plugins/2D/Paper2D/Content/OpaqueUnlitSpriteMaterial.uexp" 88
"../../../Engine/Plugins/2D/Paper2D/Content/MaskedUnlitSpriteMaterial.uasset" 89
"../../../Engine/Plugins/2D/Paper2D/Content/MaskedUnlitSpriteMaterial.uexp" 90
"../../../Engine/Plugins/2D/Paper2D/Content/DummySprite.uasset" 91
"../../../Engine/Plugins/2D/Paper2D/Content/DummySprite.uexp" 92
"../../../Engine/Plugins/2D/Paper2D/Content/DefaultPaperTerrainMaterial.uasset" 93
"../../../Engine/Plugins/2D/Paper2D/Content/DefaultPaperTerrainMaterial.uexp" 94
"../../../Engine/Content/EngineMaterials/DefaultMaterial.uasset" 95
"../../../Engine/Content/EngineMaterials/DefaultMaterial.uexp" 96
"../../../Engine/Content/BasicShapes/Sphere.ubulk" 97
"../../../Engine/Content/BasicShapes/Sphere.uasset" 98
"../../../Engine/Content/BasicShapes/Sphere.uexp" 99
"../../../Engine/Content/BasicShapes/Plane.ubulk" 100
"../../../Engine/Content/BasicShapes/Plane.uasset" 101
"../../../Engine/Content/BasicShapes/Plane.uexp" 102
"../../../Engine/Content/BasicShapes/Cylinder.ubulk" 103
"../../../Engine/Content/BasicShapes/Cylinder.uasset" 104
"../../../Engine/Content/BasicShapes/Cylinder.uexp" 105
"../../../Engine/Content/EngineResources/WhiteSquareTexture.uasset" 106
"../../../Engine/Content/EngineResources/WhiteSquareTexture.uexp" 107
"../../../Engine/Content/EngineMaterials/Widget3DPassThrough.uasset" 108
"../../../Engine/Content/EngineMaterials/Widget3DPassThrough.uexp" 109
"../../../Engine/Content/EngineMaterials/Widget3DPassThrough_Translucent.uasset" 110
"../../../Engine/Content/EngineMaterials/Widget3DPassThrough_Translucent.uexp" 111
"../../../Engine/Content/EngineMaterials/Widget3DPassThrough_Translucent_OneSided.uasset" 112
"../../../Engine/Content/EngineMaterials/Widget3DPassThrough_Translucent_OneSided.uexp" 113
"../../../Engine/Content/EngineMaterials/Widget3DPassThrough_Opaque.uasset" 114
"../../../Engine/Content/EngineMaterials/Widget3DPassThrough_Opaque.uexp" 115
"../../../Engine/Content/EngineMaterials/Widget3DPassThrough_Opaque_OneSided.uasset" 116
"../../../Engine/Content/EngineMaterials/Widget3DPassThrough_Opaque_OneSided.uexp" 117
"../../../Engine/Content/EngineMaterials/Widget3DPassThrough_Masked_OneSided.uasset" 118
"../../../Engine/Content/EngineMaterials/Widget3DPassThrough_Masked_OneSided.uexp" 119
"../../../Engine/Content/EngineMaterials/Widget3DPassThrough_Masked.uasset" 120
"../../../Engine/Content/EngineMaterials/Widget3DPassThrough_Masked.uexp" 121
"../../../Engine/Content/EngineMaterials/STBlueNoise_vec2_128x128x64.uasset" 122
"../../../Engine/Content/EngineMaterials/STBlueNoise_vec2_128x128x64.uexp" 123
"../../../Engine/Content/EngineMaterials/STBlueNoise_scalar_128x128x64.uasset" 124
"../../../Engine/Content/EngineMaterials/STBlueNoise_scalar_128x128x64.uexp" 125
"../../../Engine/Content/EngineMaterials/RemoveSurfaceMaterial.uasset" 126
"../../../Engine/Content/EngineMaterials/RemoveSurfaceMaterial.uexp" 127
"../../../Engine/Content/Functions/Engine_MaterialFunctions02/Utility/CameraDirectionVector.uasset" 128
"../../../Engine/Content/Functions/Engine_MaterialFunctions02/Utility/CameraDirectionVector.uexp" 129
"../../../Engine/Content/Functions/Engine_MaterialFunctions02/Utility/MakeFloat4.uasset" 130
"../../../Engine/Content/Functions/Engine_MaterialFunctions02/Utility/MakeFloat4.uexp" 131
"../../../Engine/Content/Functions/Engine_MaterialFunctions02/Utility/BreakOutFloat4Components.uasset" 132
"../../../Engine/Content/Functions/Engine_MaterialFunctions02/Utility/BreakOutFloat4Components.uexp" 133
"../../../Engine/Content/Functions/Engine_MaterialFunctions02/Utility/BreakOutFloat3Components.uasset" 134
"../../../Engine/Content/Functions/Engine_MaterialFunctions02/Utility/BreakOutFloat3Components.uexp" 135
"../../../Engine/Plugins/MovieScene/MovieRenderPipeline/Content/Materials/MovieRenderQueue_WorldDepth.uasset" 136
"../../../Engine/Plugins/MovieScene/MovieRenderPipeline/Content/Materials/MovieRenderQueue_WorldDepth.uexp" 137
"../../../Engine/Content/Functions/Engine_MaterialFunctions02/Utility/MakeFloat3.uasset" 138
"../../../Engine/Content/Functions/Engine_MaterialFunctions02/Utility/MakeFloat3.uexp" 139
"../../../Engine/Content/Functions/Engine_MaterialFunctions02/Utility/BreakOutFloat2Components.uasset" 140
"../../../Engine/Content/Functions/Engine_MaterialFunctions02/Utility/BreakOutFloat2Components.uexp" 141
"../../../Engine/Plugins/MovieScene/MovieRenderPipeline/Content/Materials/MovieRenderQueue_MotionVectors.uasset" 142
"../../../Engine/Plugins/MovieScene/MovieRenderPipeline/Content/Materials/MovieRenderQueue_MotionVectors.uexp" 143
"../../../Engine/Plugins/MovieScene/MovieRenderPipeline/Content/Materials/MoviePipeline_StencilCutout.uasset" 144
"../../../Engine/Plugins/MovieScene/MovieRenderPipeline/Content/Materials/MoviePipeline_StencilCutout.uexp" 145
"../../../Engine/Plugins/MovieScene/MovieRenderPipeline/Content/Blueprints/UI_MovieRenderPipelineInfoTableRow.uasset" 146
"../../../Engine/Plugins/MovieScene/MovieRenderPipeline/Content/Blueprints/UI_MovieRenderPipelineInfoTableRow.uexp" 147
"../../../Engine/Content/ArtTools/RenderToTexture/Textures/127grey.uasset" 148
"../../../Engine/Content/ArtTools/RenderToTexture/Textures/127grey.uexp" 149
"../../../Engine/Plugins/MovieScene/MovieRenderPipeline/Content/Blueprints/M_MoviePipelineRenderPreview.uasset" 150
"../../../Engine/Plugins/MovieScene/MovieRenderPipeline/Content/Blueprints/M_MoviePipelineRenderPreview.uexp" 151
"../../../Engine/Plugins/MovieScene/MovieRenderPipeline/Content/Blueprints/UI_MovieRenderPipelineScreenOverlay.uasset" 152
"../../../Engine/Plugins/MovieScene/MovieRenderPipeline/Content/Blueprints/UI_MovieRenderPipelineScreenOverlay.uexp" 153
"../../../Engine/Plugins/Runtime/MeshModelingToolset/Content/Materials/M_DynamicMeshComponentVtxColor.uasset" 154
"../../../Engine/Plugins/Runtime/MeshModelingToolset/Content/Materials/M_DynamicMeshComponentVtxColor.uexp" 155
"../../../Engine/Content/Functions/Engine_MaterialFunctions02/Utility/VectorLength.uasset" 156
"../../../Engine/Content/Functions/Engine_MaterialFunctions02/Utility/VectorLength.uexp" 157
"../../../Engine/Content/Functions/Engine_MaterialFunctions02/WorldPositionOffset/ObjectPivotPoint.uasset" 158
"../../../Engine/Content/Functions/Engine_MaterialFunctions02/WorldPositionOffset/ObjectPivotPoint.uexp" 159
"../../../Engine/Plugins/Runtime/HDRIBackdrop/Content/Materials/HDRI_Attributes.uasset" 160
"../../../Engine/Plugins/Runtime/HDRIBackdrop/Content/Materials/HDRI_Attributes.uexp" 161
"../../../Engine/Plugins/Runtime/HDRIBackdrop/Content/Materials/HDRI_Projection.uasset" 162
"../../../Engine/Plugins/Runtime/HDRIBackdrop/Content/Materials/HDRI_Projection.uexp" 163
"../../../Engine/Plugins/Runtime/HDRIBackdrop/Content/Materials/MI_HDRI_CenterProjection.uasset" 164
"../../../Engine/Plugins/Runtime/HDRIBackdrop/Content/Materials/MI_HDRI_CenterProjection.uexp" 165
"../../../Engine/Plugins/Runtime/HDRIBackdrop/Content/Textures/approaching_storm_4k.uasset" 166
"../../../Engine/Plugins/Runtime/HDRIBackdrop/Content/Textures/approaching_storm_4k.uexp" 167
"../../../Engine/Plugins/Runtime/HDRIBackdrop/Content/Materials/MI_HDRI_CameraProjection.uasset" 168
"../../../Engine/Plugins/Runtime/HDRIBackdrop/Content/Materials/MI_HDRI_CameraProjection.uexp" 169
"../../../Engine/Plugins/Runtime/HDRIBackdrop/Content/Meshes/EnviroDome.ubulk" 170
"../../../Engine/Plugins/Runtime/HDRIBackdrop/Content/Meshes/EnviroDome.uasset" 171
"../../../Engine/Plugins/Runtime/HDRIBackdrop/Content/Meshes/EnviroDome.uexp" 172
"../../../Engine/Plugins/Runtime/HDRIBackdrop/Content/Blueprints/HDRIBackdrop.uasset" 173
"../../../Engine/Plugins/Runtime/HDRIBackdrop/Content/Blueprints/HDRIBackdrop.uexp" 174
"../../../Engine/Content/EngineFonts/Faces/DroidSansMono.uexp" 175
"../../../Engine/Content/EngineFonts/Faces/DroidSansMono.uasset" 176
"../../../Engine/Content/EngineFonts/Faces/DroidSansMono.ufont" 177
"../../../Engine/Content/EngineFonts/Faces/DroidSansFallback.uexp" 178
"../../../Engine/Content/EngineFonts/Faces/DroidSansFallback.uasset" 179
"../../../Engine/Content/EngineFonts/Faces/DroidSansFallback.ufont" 180
"../../../Engine/Content/EngineFonts/DroidSansMono.uasset" 181
"../../../Engine/Content/EngineFonts/DroidSansMono.uexp" 182
"../../../Engine/Plugins/MovieScene/MovieRenderPipeline/Content/Blueprints/DefaultBurnIn.uasset" 183
"../../../Engine/Plugins/MovieScene/MovieRenderPipeline/Content/Blueprints/DefaultBurnIn.uexp" 184
"../../../Engine/Plugins/Interchange/Runtime/Content/Pipelines/DefaultTexturePipeline.uasset" 185
"../../../Engine/Plugins/Interchange/Runtime/Content/Pipelines/DefaultTexturePipeline.uexp" 186
"../../../Engine/Plugins/Interchange/Runtime/Content/Pipelines/DefaultSceneLevelPipeline.uasset" 187
"../../../Engine/Plugins/Interchange/Runtime/Content/Pipelines/DefaultSceneLevelPipeline.uexp" 188
"../../../Engine/Plugins/Interchange/Runtime/Content/Pipelines/DefaultSceneAssetsPipeline.uasset" 189
"../../../Engine/Plugins/Interchange/Runtime/Content/Pipelines/DefaultSceneAssetsPipeline.uexp" 190
"../../../Engine/Plugins/Interchange/Runtime/Content/Pipelines/DefaultMaterialPipeline.uasset" 191
"../../../Engine/Plugins/Interchange/Runtime/Content/Pipelines/DefaultMaterialPipeline.uexp" 192
"../../../Engine/Plugins/Interchange/Runtime/Content/Pipelines/DefaultAssetsPipeline.uasset" 193
"../../../Engine/Plugins/Interchange/Runtime/Content/Pipelines/DefaultAssetsPipeline.uexp" 194
"../../../Engine/Content/Functions/Engine_MaterialFunctions01/Texturing/FlattenNormal.uasset" 195
"../../../Engine/Content/Functions/Engine_MaterialFunctions01/Texturing/FlattenNormal.uexp" 196
"../../../Engine/Content/EngineMaterials/FlatNormal.uasset" 197
"../../../Engine/Content/EngineMaterials/FlatNormal.uexp" 198
"../../../Engine/Plugins/Enterprise/DatasmithContent/Content/Materials/SketchUpReference.uasset" 199
"../../../Engine/Plugins/Enterprise/DatasmithContent/Content/Materials/SketchUpReference.uexp" 200
"../../../Engine/Content/Functions/Engine_MaterialFunctions03/Procedurals/NormalFromHeightmap.uasset" 201
"../../../Engine/Content/Functions/Engine_MaterialFunctions03/Procedurals/NormalFromHeightmap.uexp" 202
"../../../Engine/Content/Functions/Engine_MaterialFunctions02/Texturing/CustomRotator.uasset" 203
"../../../Engine/Content/Functions/Engine_MaterialFunctions02/Texturing/CustomRotator.uexp" 204
"../../../Engine/Plugins/Enterprise/DatasmithContent/Content/Materials/TileMirrorAxis.uasset" 205
"../../../Engine/Plugins/Enterprise/DatasmithContent/Content/Materials/TileMirrorAxis.uexp" 206
"../../../Engine/Plugins/Enterprise/DatasmithContent/Content/Materials/UVEdit.uasset" 207
"../../../Engine/Plugins/Enterprise/DatasmithContent/Content/Materials/UVEdit.uexp" 208
"../../../Engine/Plugins/Enterprise/DatasmithContent/Content/Materials/RevitReference.uasset" 209
"../../../Engine/Plugins/Enterprise/DatasmithContent/Content/Materials/RevitReference.uexp" 210
"../../../Engine/Plugins/Enterprise/DatasmithContent/Content/Materials/CE_BaseReference.uasset" 211
"../../../Engine/Plugins/Enterprise/DatasmithContent/Content/Materials/CE_BaseReference.uexp" 212
"../../../Engine/Plugins/Enterprise/DatasmithContent/Content/Materials/CE_OpaqueReference.uasset" 213
"../../../Engine/Plugins/Enterprise/DatasmithContent/Content/Materials/CE_OpaqueReference.uexp" 214
"../../../Engine/Plugins/Enterprise/DatasmithContent/Content/Materials/CE_OpacitySimpleReference.uasset" 215
"../../../Engine/Plugins/Enterprise/DatasmithContent/Content/Materials/CE_OpacitySimpleReference.uexp" 216
"../../../Engine/Plugins/Enterprise/DatasmithContent/Content/Materials/CE_OpacityReference.uasset" 217
"../../../Engine/Plugins/Enterprise/DatasmithContent/Content/Materials/CE_OpacityReference.uexp" 218
"../../../Engine/Content/EngineMaterials/DefaultDiffuse.ubulk" 219
"../../../Engine/Content/EngineMaterials/DefaultDiffuse.uasset" 220
"../../../Engine/Content/EngineMaterials/DefaultDiffuse.uexp" 221
"../../../Engine/Plugins/Enterprise/DatasmithContent/Content/Materials/C4DReferenceUV.uasset" 222
"../../../Engine/Plugins/Enterprise/DatasmithContent/Content/Materials/C4DReferenceUV.uexp" 223
"../../../Engine/Content/Functions/Engine_MaterialFunctions02/HueShift.uasset" 224
"../../../Engine/Content/Functions/Engine_MaterialFunctions02/HueShift.uexp" 225
"../../../Engine/Content/EngineMaterials/T_Default_Normal.ubulk" 226
"../../../Engine/Content/EngineMaterials/T_Default_Normal.uasset" 227
"../../../Engine/Content/EngineMaterials/T_Default_Normal.uexp" 228
"../../../Engine/Content/EngineResources/Black.uasset" 229
"../../../Engine/Content/EngineResources/Black.uexp" 230
"../../../Engine/Plugins/Enterprise/DatasmithContent/Content/Materials/C4DReference.uasset" 231
"../../../Engine/Plugins/Enterprise/DatasmithContent/Content/Materials/C4DReference.uexp" 232
"../../../Engine/Plugins/Editor/SpeedTreeImporter/Content/SpeedTree9/game_wind_noise.ubulk" 233
"../../../Engine/Plugins/Editor/SpeedTreeImporter/Content/SpeedTree9/game_wind_noise.uasset" 234
"../../../Engine/Plugins/Editor/SpeedTreeImporter/Content/SpeedTree9/game_wind_noise.uexp" 235
"../../../Engine/Plugins/Editor/SpeedTreeImporter/Content/SpeedTree9/UnpackDirection.uasset" 236
"../../../Engine/Plugins/Editor/SpeedTreeImporter/Content/SpeedTree9/UnpackDirection.uexp" 237
"../../../Engine/Content/Functions/Engine_MaterialFunctions02/ObjectLocalBounds.uasset" 238
"../../../Engine/Content/Functions/Engine_MaterialFunctions02/ObjectLocalBounds.uexp" 239
"../../../Engine/Content/Functions/Engine_MaterialFunctions02/UVs/BoundingBoxBased_0-1_UVW.uasset" 240
"../../../Engine/Content/Functions/Engine_MaterialFunctions02/UVs/BoundingBoxBased_0-1_UVW.uexp" 241
"../../../Engine/Plugins/Editor/SpeedTreeImporter/Content/SpeedTree9/UnpackInteger3.uasset" 242
"../../../Engine/Plugins/Editor/SpeedTreeImporter/Content/SpeedTree9/UnpackInteger3.uexp" 243
"../../../Engine/Plugins/Editor/SpeedTreeImporter/Content/SpeedTree9/SpeedTreeCameraFacing.uasset" 244
"../../../Engine/Plugins/Editor/SpeedTreeImporter/Content/SpeedTree9/SpeedTreeCameraFacing.uexp" 245
"../../../Engine/Content/Functions/Engine_MaterialFunctions02/WorldPositionOffset/ObjectScale.uasset" 246
"../../../Engine/Content/Functions/Engine_MaterialFunctions02/WorldPositionOffset/ObjectScale.uexp" 247
"../../../Engine/Content/Functions/Engine_MaterialFunctions02/SafeNormalize.uasset" 248
"../../../Engine/Content/Functions/Engine_MaterialFunctions02/SafeNormalize.uexp" 249
"../../../Engine/Plugins/Editor/SpeedTreeImporter/Content/SpeedTree9/SpeedTreeWindMotion.uasset" 250
"../../../Engine/Plugins/Editor/SpeedTreeImporter/Content/SpeedTree9/SpeedTreeWindMotion.uexp" 251
"../../../Engine/Plugins/Editor/SpeedTreeImporter/Content/SpeedTree9/SpeedTreeBranchMotion.uasset" 252
"../../../Engine/Plugins/Editor/SpeedTreeImporter/Content/SpeedTree9/SpeedTreeBranchMotion.uexp" 253
"../../../Engine/Plugins/Editor/SpeedTreeImporter/Content/SpeedTree9/SpeedTreeWind.uasset" 254
"../../../Engine/Plugins/Editor/SpeedTreeImporter/Content/SpeedTree9/SpeedTreeWind.uexp" 255
"../../../Engine/Plugins/Editor/SpeedTreeImporter/Content/SpeedTree9/EmptyNormal.uasset" 256
"../../../Engine/Plugins/Editor/SpeedTreeImporter/Content/SpeedTree9/EmptyNormal.uexp" 257
"../../../Engine/Plugins/Editor/SpeedTreeImporter/Content/SpeedTree9/Empty.uasset" 258
"../../../Engine/Plugins/Editor/SpeedTreeImporter/Content/SpeedTree9/Empty.uexp" 259
"../../../Engine/Plugins/Editor/SpeedTreeImporter/Content/SpeedTree9/SpeedTreeMaster.uasset" 260
"../../../Engine/Plugins/Editor/SpeedTreeImporter/Content/SpeedTree9/SpeedTreeMaster.uexp" 261
"../../../Engine/Plugins/Editor/SpeedTreeImporter/Content/SpeedTree9/SpeedTreeBillboard.uasset" 262
"../../../Engine/Plugins/Editor/SpeedTreeImporter/Content/SpeedTree9/SpeedTreeBillboard.uexp" 263
"../../../Engine/Plugins/Editor/SpeedTreeImporter/Content/SpeedTree9/SpeedTreeBillboardMaster.uasset" 264
"../../../Engine/Plugins/Editor/SpeedTreeImporter/Content/SpeedTree9/SpeedTreeBillboardMaster.uexp" 265
"../../../Engine/Plugins/Animation/ControlRig/Content/Controls/DefaultGizmoLibraryNormalized.uasset" 266
"../../../Engine/Plugins/Animation/ControlRig/Content/Controls/DefaultGizmoLibraryNormalized.uexp" 267
"../../../Engine/Plugins/Animation/ControlRig/Content/Controls/ControlRig_Wedge_solid.ubulk" 268
"../../../Engine/Plugins/Animation/ControlRig/Content/Controls/ControlRig_Wedge_solid.uasset" 269
"../../../Engine/Plugins/Animation/ControlRig/Content/Controls/ControlRig_Wedge_solid.uexp" 270
"../../../Engine/Plugins/Animation/ControlRig/Content/Controls/ControlRig_Wedge_3mm.ubulk" 271
"../../../Engine/Plugins/Animation/ControlRig/Content/Controls/ControlRig_Wedge_3mm.uasset" 272
"../../../Engine/Plugins/Animation/ControlRig/Content/Controls/ControlRig_Wedge_3mm.uexp" 273
"../../../Engine/Plugins/Animation/ControlRig/Content/Controls/ControlRig_Wedge_1mm.ubulk" 274
"../../../Engine/Plugins/Animation/ControlRig/Content/Controls/ControlRig_Wedge_1mm.uasset" 275
"../../../Engine/Plugins/Animation/ControlRig/Content/Controls/ControlRig_Wedge_1mm.uexp" 276
"../../../Engine/Plugins/Animation/ControlRig/Content/Controls/ControlRig_Triangle_solid.ubulk" 277
"../../../Engine/Plugins/Animation/ControlRig/Content/Controls/ControlRig_Triangle_solid.uasset" 278
"../../../Engine/Plugins/Animation/ControlRig/Content/Controls/ControlRig_Triangle_solid.uexp" 279
"../../../Engine/Plugins/Animation/ControlRig/Content/Controls/ControlRig_Triangle_3mm.ubulk" 280
"../../../Engine/Plugins/Animation/ControlRig/Content/Controls/ControlRig_Triangle_3mm.uasset" 281
"../../../Engine/Plugins/Animation/ControlRig/Content/Controls/ControlRig_Triangle_3mm.uexp" 282
"../../../Engine/Plugins/Animation/ControlRig/Content/Controls/ControlRig_Triangle_1mm.ubulk" 283
"../../../Engine/Plugins/Animation/ControlRig/Content/Controls/ControlRig_Triangle_1mm.uasset" 284
"../../../Engine/Plugins/Animation/ControlRig/Content/Controls/ControlRig_Triangle_1mm.uexp" 285
"../../../Engine/Plugins/Animation/ControlRig/Content/Controls/ControlRig_Star4_solid.ubulk" 286
"../../../Engine/Plugins/Animation/ControlRig/Content/Controls/ControlRig_Star4_solid.uasset" 287
"../../../Engine/Plugins/Animation/ControlRig/Content/Controls/ControlRig_Star4_solid.uexp" 288
"../../../Engine/Plugins/Animation/ControlRig/Content/Controls/ControlRig_Star4_3mm.ubulk" 289
"../../../Engine/Plugins/Animation/ControlRig/Content/Controls/ControlRig_Star4_3mm.uasset" 290
"../../../Engine/Plugins/Animation/ControlRig/Content/Controls/ControlRig_Star4_3mm.uexp" 291
"../../../Engine/Plugins/Animation/ControlRig/Content/Controls/ControlRig_Star4_1mm.ubulk" 292
"../../../Engine/Plugins/Animation/ControlRig/Content/Controls/ControlRig_Star4_1mm.uasset" 293
"../../../Engine/Plugins/Animation/ControlRig/Content/Controls/ControlRig_Star4_1mm.uexp" 294
"../../../Engine/Plugins/Animation/ControlRig/Content/Controls/ControlRig_Square_solid.ubulk" 295
"../../../Engine/Plugins/Animation/ControlRig/Content/Controls/ControlRig_Square_solid.uasset" 296
"../../../Engine/Plugins/Animation/ControlRig/Content/Controls/ControlRig_Square_solid.uexp" 297
"../../../Engine/Plugins/Animation/ControlRig/Content/Controls/ControlRig_Square_3mm.ubulk" 298
"../../../Engine/Plugins/Animation/ControlRig/Content/Controls/ControlRig_Square_3mm.uasset" 299
"../../../Engine/Plugins/Animation/ControlRig/Content/Controls/ControlRig_Square_3mm.uexp" 300
"../../../Engine/Plugins/Animation/ControlRig/Content/Controls/ControlRig_Square_1mm.ubulk" 301
"../../../Engine/Plugins/Animation/ControlRig/Content/Controls/ControlRig_Square_1mm.uasset" 302
"../../../Engine/Plugins/Animation/ControlRig/Content/Controls/ControlRig_Square_1mm.uexp" 303
"../../../Engine/Plugins/Animation/ControlRig/Content/Controls/ControlRig_Sphere_solid.ubulk" 304
"../../../Engine/Plugins/Animation/ControlRig/Content/Controls/ControlRig_Sphere_solid.uasset" 305
"../../../Engine/Plugins/Animation/ControlRig/Content/Controls/ControlRig_Sphere_solid.uexp" 306
"../../../Engine/Plugins/Animation/ControlRig/Content/Controls/ControlRig_Sphere_3mm.ubulk" 307
"../../../Engine/Plugins/Animation/ControlRig/Content/Controls/ControlRig_Sphere_3mm.uasset" 308
"../../../Engine/Plugins/Animation/ControlRig/Content/Controls/ControlRig_Sphere_3mm.uexp" 309
"../../../Engine/Plugins/Animation/ControlRig/Content/Controls/ControlRig_Sphere_1mm.ubulk" 310
"../../../Engine/Plugins/Animation/ControlRig/Content/Controls/ControlRig_Sphere_1mm.uasset" 311
"../../../Engine/Plugins/Animation/ControlRig/Content/Controls/ControlRig_Sphere_1mm.uexp" 312
"../../../Engine/Plugins/Animation/ControlRig/Content/Controls/ControlRig_RoundedTriangle_solid.ubulk" 313
"../../../Engine/Plugins/Animation/ControlRig/Content/Controls/ControlRig_RoundedTriangle_solid.uasset" 314
"../../../Engine/Plugins/Animation/ControlRig/Content/Controls/ControlRig_RoundedTriangle_solid.uexp" 315
"../../../Engine/Plugins/Animation/ControlRig/Content/Controls/ControlRig_RoundedTriangle_3mm.ubulk" 316
"../../../Engine/Plugins/Animation/ControlRig/Content/Controls/ControlRig_RoundedTriangle_3mm.uasset" 317
"../../../Engine/Plugins/Animation/ControlRig/Content/Controls/ControlRig_RoundedTriangle_3mm.uexp" 318
"../../../Engine/Plugins/Animation/ControlRig/Content/Controls/ControlRig_RoundedTriangle_1mm.ubulk" 319
"../../../Engine/Plugins/Animation/ControlRig/Content/Controls/ControlRig_RoundedTriangle_1mm.uasset" 320
"../../../Engine/Plugins/Animation/ControlRig/Content/Controls/ControlRig_RoundedTriangle_1mm.uexp" 321
"../../../Engine/Plugins/Animation/ControlRig/Content/Controls/ControlRig_RoundedSquare_solid.ubulk" 322
"../../../Engine/Plugins/Animation/ControlRig/Content/Controls/ControlRig_RoundedSquare_solid.uasset" 323
"../../../Engine/Plugins/Animation/ControlRig/Content/Controls/ControlRig_RoundedSquare_solid.uexp" 324
"../../../Engine/Plugins/Animation/ControlRig/Content/Controls/ControlRig_RoundedSquare_3mm.ubulk" 325
"../../../Engine/Plugins/Animation/ControlRig/Content/Controls/ControlRig_RoundedSquare_3mm.uasset" 326
"../../../Engine/Plugins/Animation/ControlRig/Content/Controls/ControlRig_RoundedSquare_3mm.uexp" 327
"../../../Engine/Plugins/Animation/ControlRig/Content/Controls/ControlRig_RoundedSquare_1mm.ubulk" 328
"../../../Engine/Plugins/Animation/ControlRig/Content/Controls/ControlRig_RoundedSquare_1mm.uasset" 329
"../../../Engine/Plugins/Animation/ControlRig/Content/Controls/ControlRig_RoundedSquare_1mm.uexp" 330
"../../../Engine/Plugins/Animation/ControlRig/Content/Controls/ControlRig_QuarterCircle_solid.ubulk" 331
"../../../Engine/Plugins/Animation/ControlRig/Content/Controls/ControlRig_QuarterCircle_solid.uasset" 332
"../../../Engine/Plugins/Animation/ControlRig/Content/Controls/ControlRig_QuarterCircle_solid.uexp" 333
"../../../Engine/Plugins/Animation/ControlRig/Content/Controls/ControlRig_QuarterCircle_3mm.ubulk" 334
"../../../Engine/Plugins/Animation/ControlRig/Content/Controls/ControlRig_QuarterCircle_3mm.uasset" 335
"../../../Engine/Plugins/Animation/ControlRig/Content/Controls/ControlRig_QuarterCircle_3mm.uexp" 336
"../../../Engine/Plugins/Animation/ControlRig/Content/Controls/ControlRig_QuarterCircle_1mm.ubulk" 337
"../../../Engine/Plugins/Animation/ControlRig/Content/Controls/ControlRig_QuarterCircle_1mm.uasset" 338
"../../../Engine/Plugins/Animation/ControlRig/Content/Controls/ControlRig_QuarterCircle_1mm.uexp" 339
"../../../Engine/Plugins/Animation/ControlRig/Content/Controls/ControlRig_Pyramid_solid.ubulk" 340
"../../../Engine/Plugins/Animation/ControlRig/Content/Controls/ControlRig_Pyramid_solid.uasset" 341
"../../../Engine/Plugins/Animation/ControlRig/Content/Controls/ControlRig_Pyramid_solid.uexp" 342
"../../../Engine/Plugins/Animation/ControlRig/Content/Controls/ControlRig_Pyramid_3mm.ubulk" 343
"../../../Engine/Plugins/Animation/ControlRig/Content/Controls/ControlRig_Pyramid_3mm.uasset" 344
"../../../Engine/Plugins/Animation/ControlRig/Content/Controls/ControlRig_Pyramid_3mm.uexp" 345
"../../../Engine/Plugins/Animation/ControlRig/Content/Controls/ControlRig_Pyramid_1mm.ubulk" 346
"../../../Engine/Plugins/Animation/ControlRig/Content/Controls/ControlRig_Pyramid_1mm.uasset" 347
"../../../Engine/Plugins/Animation/ControlRig/Content/Controls/ControlRig_Pyramid_1mm.uexp" 348
"../../../Engine/Plugins/Animation/ControlRig/Content/Controls/ControlRig_Octagon_solid.ubulk" 349
"../../../Engine/Plugins/Animation/ControlRig/Content/Controls/ControlRig_Octagon_solid.uasset" 350
"../../../Engine/Plugins/Animation/ControlRig/Content/Controls/ControlRig_Octagon_solid.uexp" 351
"../../../Engine/Plugins/Animation/ControlRig/Content/Controls/ControlRig_Octagon_3mm.ubulk" 352
"../../../Engine/Plugins/Animation/ControlRig/Content/Controls/ControlRig_Octagon_3mm.uasset" 353
"../../../Engine/Plugins/Animation/ControlRig/Content/Controls/ControlRig_Octagon_3mm.uexp" 354
"../../../Engine/Plugins/Animation/ControlRig/Content/Controls/ControlRig_Octagon_1mm.ubulk" 355
"../../../Engine/Plugins/Animation/ControlRig/Content/Controls/ControlRig_Octagon_1mm.uasset" 356
"../../../Engine/Plugins/Animation/ControlRig/Content/Controls/ControlRig_Octagon_1mm.uexp" 357
"../../../Engine/Plugins/Animation/ControlRig/Content/Controls/ControlRig_Hexagon_solid.ubulk" 358
"../../../Engine/Plugins/Animation/ControlRig/Content/Controls/ControlRig_Hexagon_solid.uasset" 359
"../../../Engine/Plugins/Animation/ControlRig/Content/Controls/ControlRig_Hexagon_solid.uexp" 360
"../../../Engine/Plugins/Animation/ControlRig/Content/Controls/ControlRig_Hexagon_3mm.ubulk" 361
"../../../Engine/Plugins/Animation/ControlRig/Content/Controls/ControlRig_Hexagon_3mm.uasset" 362
"../../../Engine/Plugins/Animation/ControlRig/Content/Controls/ControlRig_Hexagon_3mm.uexp" 363
"../../../Engine/Plugins/Animation/ControlRig/Content/Controls/ControlRig_Hexagon_1mm.ubulk" 364
"../../../Engine/Plugins/Animation/ControlRig/Content/Controls/ControlRig_Hexagon_1mm.uasset" 365
"../../../Engine/Plugins/Animation/ControlRig/Content/Controls/ControlRig_Hexagon_1mm.uexp" 366
"../../../Engine/Plugins/Animation/ControlRig/Content/Controls/ControlRig_HalfCircle_solid.ubulk" 367
"../../../Engine/Plugins/Animation/ControlRig/Content/Controls/ControlRig_HalfCircle_solid.uasset" 368
"../../../Engine/Plugins/Animation/ControlRig/Content/Controls/ControlRig_HalfCircle_solid.uexp" 369
"../../../Engine/Plugins/Animation/ControlRig/Content/Controls/ControlRig_HalfCircle_3mm.ubulk" 370
"../../../Engine/Plugins/Animation/ControlRig/Content/Controls/ControlRig_HalfCircle_3mm.uasset" 371
"../../../Engine/Plugins/Animation/ControlRig/Content/Controls/ControlRig_HalfCircle_3mm.uexp" 372
"../../../Engine/Plugins/Animation/ControlRig/Content/Controls/ControlRig_HalfCircle_1mm.ubulk" 373
"../../../Engine/Plugins/Animation/ControlRig/Content/Controls/ControlRig_HalfCircle_1mm.uasset" 374
"../../../Engine/Plugins/Animation/ControlRig/Content/Controls/ControlRig_HalfCircle_1mm.uexp" 375
"../../../Engine/Plugins/Animation/ControlRig/Content/Controls/ControlRig_Diamond_solid.ubulk" 376
"../../../Engine/Plugins/Animation/ControlRig/Content/Controls/ControlRig_Diamond_solid.uasset" 377
"../../../Engine/Plugins/Animation/ControlRig/Content/Controls/ControlRig_Diamond_solid.uexp" 378
"../../../Engine/Plugins/Animation/ControlRig/Content/Controls/ControlRig_Diamond_3mm.ubulk" 379
"../../../Engine/Plugins/Animation/ControlRig/Content/Controls/ControlRig_Diamond_3mm.uasset" 380
"../../../Engine/Plugins/Animation/ControlRig/Content/Controls/ControlRig_Diamond_3mm.uexp" 381
"../../../Engine/Plugins/Animation/ControlRig/Content/Controls/ControlRig_Diamond_1mm.ubulk" 382
"../../../Engine/Plugins/Animation/ControlRig/Content/Controls/ControlRig_Diamond_1mm.uasset" 383
"../../../Engine/Plugins/Animation/ControlRig/Content/Controls/ControlRig_Diamond_1mm.uexp" 384
"../../../Engine/Plugins/Animation/ControlRig/Content/Controls/ControlRig_Circle_solid.ubulk" 385
"../../../Engine/Plugins/Animation/ControlRig/Content/Controls/ControlRig_Circle_solid.uasset" 386
"../../../Engine/Plugins/Animation/ControlRig/Content/Controls/ControlRig_Circle_solid.uexp" 387
"../../../Engine/Plugins/Animation/ControlRig/Content/Controls/ControlRig_Circle_3mm.ubulk" 388
"../../../Engine/Plugins/Animation/ControlRig/Content/Controls/ControlRig_Circle_3mm.uasset" 389
"../../../Engine/Plugins/Animation/ControlRig/Content/Controls/ControlRig_Circle_3mm.uexp" 390
"../../../Engine/Plugins/Animation/ControlRig/Content/Controls/ControlRig_Circle_1mm.ubulk" 391
"../../../Engine/Plugins/Animation/ControlRig/Content/Controls/ControlRig_Circle_1mm.uasset" 392
"../../../Engine/Plugins/Animation/ControlRig/Content/Controls/ControlRig_Circle_1mm.uexp" 393
"../../../Engine/Plugins/Animation/ControlRig/Content/Controls/ControlRig_Box_solid.ubulk" 394
"../../../Engine/Plugins/Animation/ControlRig/Content/Controls/ControlRig_Box_solid.uasset" 395
"../../../Engine/Plugins/Animation/ControlRig/Content/Controls/ControlRig_Box_solid.uexp" 396
"../../../Engine/Plugins/Animation/ControlRig/Content/Controls/ControlRig_Box_3mm.ubulk" 397
"../../../Engine/Plugins/Animation/ControlRig/Content/Controls/ControlRig_Box_3mm.uasset" 398
"../../../Engine/Plugins/Animation/ControlRig/Content/Controls/ControlRig_Box_3mm.uexp" 399
"../../../Engine/Plugins/Animation/ControlRig/Content/Controls/ControlRig_Box_1mm.ubulk" 400
"../../../Engine/Plugins/Animation/ControlRig/Content/Controls/ControlRig_Box_1mm.uasset" 401
"../../../Engine/Plugins/Animation/ControlRig/Content/Controls/ControlRig_Box_1mm.uexp" 402
"../../../Engine/Plugins/Animation/ControlRig/Content/Controls/ControlRig_Arrow_solid.ubulk" 403
"../../../Engine/Plugins/Animation/ControlRig/Content/Controls/ControlRig_Arrow_solid.uasset" 404
"../../../Engine/Plugins/Animation/ControlRig/Content/Controls/ControlRig_Arrow_solid.uexp" 405
"../../../Engine/Plugins/Animation/ControlRig/Content/Controls/ControlRig_Arrow_3mm.ubulk" 406
"../../../Engine/Plugins/Animation/ControlRig/Content/Controls/ControlRig_Arrow_3mm.uasset" 407
"../../../Engine/Plugins/Animation/ControlRig/Content/Controls/ControlRig_Arrow_3mm.uexp" 408
"../../../Engine/Plugins/Animation/ControlRig/Content/Controls/ControlRig_Arrow_1mm.ubulk" 409
"../../../Engine/Plugins/Animation/ControlRig/Content/Controls/ControlRig_Arrow_1mm.uasset" 410
"../../../Engine/Plugins/Animation/ControlRig/Content/Controls/ControlRig_Arrow_1mm.uexp" 411
"../../../Engine/Plugins/Animation/ControlRig/Content/Controls/ControlRig_Arrow4_solid.ubulk" 412
"../../../Engine/Plugins/Animation/ControlRig/Content/Controls/ControlRig_Arrow4_solid.uasset" 413
"../../../Engine/Plugins/Animation/ControlRig/Content/Controls/ControlRig_Arrow4_solid.uexp" 414
"../../../Engine/Plugins/Animation/ControlRig/Content/Controls/ControlRig_Arrow4_3mm.ubulk" 415
"../../../Engine/Plugins/Animation/ControlRig/Content/Controls/ControlRig_Arrow4_3mm.uasset" 416
"../../../Engine/Plugins/Animation/ControlRig/Content/Controls/ControlRig_Arrow4_3mm.uexp" 417
"../../../Engine/Plugins/Animation/ControlRig/Content/Controls/ControlRig_Arrow4_1mm.ubulk" 418
"../../../Engine/Plugins/Animation/ControlRig/Content/Controls/ControlRig_Arrow4_1mm.uasset" 419
"../../../Engine/Plugins/Animation/ControlRig/Content/Controls/ControlRig_Arrow4_1mm.uexp" 420
"../../../Engine/Plugins/Animation/ControlRig/Content/Controls/ControlRig_Arrow2_solid.ubulk" 421
"../../../Engine/Plugins/Animation/ControlRig/Content/Controls/ControlRig_Arrow2_solid.uasset" 422
"../../../Engine/Plugins/Animation/ControlRig/Content/Controls/ControlRig_Arrow2_solid.uexp" 423
"../../../Engine/Plugins/Animation/ControlRig/Content/Controls/ControlRig_Arrow2_3mm.ubulk" 424
"../../../Engine/Plugins/Animation/ControlRig/Content/Controls/ControlRig_Arrow2_3mm.uasset" 425
"../../../Engine/Plugins/Animation/ControlRig/Content/Controls/ControlRig_Arrow2_3mm.uexp" 426
"../../../Engine/Plugins/Animation/ControlRig/Content/Controls/ControlRig_Arrow2_1mm.ubulk" 427
"../../../Engine/Plugins/Animation/ControlRig/Content/Controls/ControlRig_Arrow2_1mm.uasset" 428
"../../../Engine/Plugins/Animation/ControlRig/Content/Controls/ControlRig_Arrow2_1mm.uexp" 429
"../../../Engine/Plugins/Animation/ControlRig/Content/Controls/ControlRigXRayMaterial.uasset" 430
"../../../Engine/Plugins/Animation/ControlRig/Content/Controls/ControlRigXRayMaterial.uexp" 431
"../../../Engine/Plugins/Animation/ControlRig/Content/Controls/ControlRigGizmoMaterial.uasset" 432
"../../../Engine/Plugins/Animation/ControlRig/Content/Controls/ControlRigGizmoMaterial.uexp" 433
"../../../Engine/Content/EngineSounds/Master.uasset" 434
"../../../Engine/Content/EngineSounds/Master.uexp" 435
"../../../Engine/Content/EngineMaterials/DefaultCalibrationGrayscale.uasset" 436
"../../../Engine/Content/EngineMaterials/DefaultCalibrationGrayscale.uexp" 437
"../../../Engine/Content/EngineMaterials/PPM_DefaultCalibrationGrayscale.uasset" 438
"../../../Engine/Content/EngineMaterials/PPM_DefaultCalibrationGrayscale.uexp" 439
"../../../Engine/Content/EngineMaterials/DefaultCalibrationColor.uasset" 440
"../../../Engine/Content/EngineMaterials/DefaultCalibrationColor.uexp" 441
"../../../Engine/Content/EngineMaterials/PPM_DefaultCalibrationColor.uasset" 442
"../../../Engine/Content/EngineMaterials/PPM_DefaultCalibrationColor.uexp" 443
"../../../Engine/Content/EngineMaterials/PhAT_JointLimitMaterial.uasset" 444
"../../../Engine/Content/EngineMaterials/PhAT_JointLimitMaterial.uexp" 445
"../../../Engine/Content/EngineMaterials/NaniteHiddenSectionMaterial.uasset" 446
"../../../Engine/Content/EngineMaterials/NaniteHiddenSectionMaterial.uexp" 447
"../../../Engine/Content/EngineMaterials/InvalidLightmapSettings.ubulk" 448
"../../../Engine/Content/EngineMaterials/InvalidLightmapSettings.uasset" 449
"../../../Engine/Content/EngineMaterials/InvalidLightmapSettings.uexp" 450
"../../../Engine/Content/EngineMaterials/M_InvalidLightmapSettings.uasset" 451
"../../../Engine/Content/EngineMaterials/M_InvalidLightmapSettings.uexp" 452
"../../../Engine/Content/EngineMaterials/GizmoMaterial.uasset" 453
"../../../Engine/Content/EngineMaterials/GizmoMaterial.uexp" 454
"../../../Engine/Content/EngineMaterials/BaseFlattenEmissiveMap_VT.ubulk" 455
"../../../Engine/Content/EngineMaterials/BaseFlattenEmissiveMap_VT.uasset" 456
"../../../Engine/Content/EngineMaterials/BaseFlattenEmissiveMap_VT.uexp" 457
"../../../Engine/Content/EngineMaterials/BaseFlattenGrayscaleMap_VT.ubulk" 458
"../../../Engine/Content/EngineMaterials/BaseFlattenGrayscaleMap_VT.uasset" 459
"../../../Engine/Content/EngineMaterials/BaseFlattenGrayscaleMap_VT.uexp" 460
"../../../Engine/Content/EngineMaterials/BaseFlattenLinearColor_VT.ubulk" 461
"../../../Engine/Content/EngineMaterials/BaseFlattenLinearColor_VT.uasset" 462
"../../../Engine/Content/EngineMaterials/BaseFlattenLinearColor_VT.uexp" 463
"../../../Engine/Content/EngineMaterials/Black_1x1_EXR_Texture_VT.ubulk" 464
"../../../Engine/Content/EngineMaterials/Black_1x1_EXR_Texture_VT.uasset" 465
"../../../Engine/Content/EngineMaterials/Black_1x1_EXR_Texture_VT.uexp" 466
"../../../Engine/Content/EngineMaterials/BaseFlattenDiffuseMap_VT.ubulk" 467
"../../../Engine/Content/EngineMaterials/BaseFlattenDiffuseMap_VT.uasset" 468
"../../../Engine/Content/EngineMaterials/BaseFlattenDiffuseMap_VT.uexp" 469
"../../../Engine/Content/EngineMaterials/BaseFlattenNormalMap_VT.ubulk" 470
"../../../Engine/Content/EngineMaterials/BaseFlattenNormalMap_VT.uasset" 471
"../../../Engine/Content/EngineMaterials/BaseFlattenNormalMap_VT.uexp" 472
"../../../Engine/Content/EngineMaterials/FlattenMaterial_WS_Normal_VT.uasset" 473
"../../../Engine/Content/EngineMaterials/FlattenMaterial_WS_Normal_VT.uexp" 474
"../../../Engine/Content/EngineMaterials/FlattenMaterial_VT.uasset" 475
"../../../Engine/Content/EngineMaterials/FlattenMaterial_VT.uexp" 476
"../../../Engine/Content/EngineMaterials/BaseFlattenNormalMap.uasset" 477
"../../../Engine/Content/EngineMaterials/BaseFlattenNormalMap.uexp" 478
"../../../Engine/Content/EngineMaterials/BaseFlattenGrayscaleMap.uasset" 479
"../../../Engine/Content/EngineMaterials/BaseFlattenGrayscaleMap.uexp" 480
"../../../Engine/Content/EngineMaterials/BaseFlattenDiffuseMap.uasset" 481
"../../../Engine/Content/EngineMaterials/BaseFlattenDiffuseMap.uexp" 482
"../../../Engine/Content/Functions/Engine_MaterialFunctions02/PivotPainter2/Black_1x1_EXR_Texture.uasset" 483
"../../../Engine/Content/Functions/Engine_MaterialFunctions02/PivotPainter2/Black_1x1_EXR_Texture.uexp" 484
"../../../Engine/Content/EngineMaterials/BaseFlattenEmissiveMap.uasset" 485
"../../../Engine/Content/EngineMaterials/BaseFlattenEmissiveMap.uexp" 486
"../../../Engine/Content/EngineMaterials/BaseFlattenLinearColor.uasset" 487
"../../../Engine/Content/EngineMaterials/BaseFlattenLinearColor.uexp" 488
"../../../Engine/Content/EngineMaterials/FlattenMaterial.uasset" 489
"../../../Engine/Content/EngineMaterials/FlattenMaterial.uexp" 490
"../../../Engine/Content/EngineMaterials/DefaultWhiteGrid_Low.uasset" 491
"../../../Engine/Content/EngineMaterials/DefaultWhiteGrid_Low.uexp" 492
"../../../Engine/Content/EngineMaterials/EmissiveMeshMaterial.uasset" 493
"../../../Engine/Content/EngineMaterials/EmissiveMeshMaterial.uexp" 494
"../../../Engine/Content/EngineFonts/RobotoDistanceField.uasset" 495
"../../../Engine/Content/EngineFonts/RobotoDistanceField.uexp" 496
"../../../Engine/Content/EngineMaterials/DefaultTextMaterialOpaque.uasset" 497
"../../../Engine/Content/EngineMaterials/DefaultTextMaterialOpaque.uexp" 498
"../../../Engine/Content/EngineMaterials/DefaultPostProcessMaterial.uasset" 499
"../../../Engine/Content/EngineMaterials/DefaultPostProcessMaterial.uexp" 500
"../../../Engine/Content/EngineMaterials/DefaultPhysicalMaterial.uasset" 501
"../../../Engine/Content/EngineMaterials/DefaultPhysicalMaterial.uexp" 502
"../../../Engine/Content/EngineMaterials/DefaultLightFunctionMaterial.uasset" 503
"../../../Engine/Content/EngineMaterials/DefaultLightFunctionMaterial.uexp" 504
"../../../Engine/Content/EngineMaterials/DefaultDestructiblePhysicalMaterial.uasset" 505
"../../../Engine/Content/EngineMaterials/DefaultDestructiblePhysicalMaterial.uexp" 506
"../../../Engine/Content/EngineMaterials/DefaultDeferredDecalMaterial.uasset" 507
"../../../Engine/Content/EngineMaterials/DefaultDeferredDecalMaterial.uexp" 508
"../../../Engine/Content/EngineMaterials/DefaultBloomKernel.uasset" 509
"../../../Engine/Content/EngineMaterials/DefaultBloomKernel.uexp" 510
"../../../Engine/Content/EngineFonts/Faces/RobotoLight.uexp" 511
"../../../Engine/Content/EngineFonts/Faces/RobotoLight.uasset" 512
"../../../Engine/Content/EngineFonts/Faces/RobotoLight.ufont" 513
"../../../Engine/Content/EngineFonts/Faces/RobotoBold.uexp" 514
"../../../Engine/Content/EngineFonts/Faces/RobotoBold.uasset" 515
"../../../Engine/Content/EngineFonts/Faces/RobotoBold.ufont" 516
"../../../Engine/Content/EngineFonts/Faces/RobotoRegular.uexp" 517
"../../../Engine/Content/EngineFonts/Faces/RobotoRegular.uasset" 518
"../../../Engine/Content/EngineFonts/Faces/RobotoRegular.ufont" 519
"../../../Engine/Content/EngineFonts/Faces/RobotoItalic.uexp" 520
"../../../Engine/Content/EngineFonts/Faces/RobotoItalic.uasset" 521
"../../../Engine/Content/EngineFonts/Faces/RobotoItalic.ufont" 522
"../../../Engine/Content/EngineFonts/Faces/RobotoBoldItalic.uexp" 523
"../../../Engine/Content/EngineFonts/Faces/RobotoBoldItalic.uasset" 524
"../../../Engine/Content/EngineFonts/Faces/RobotoBoldItalic.ufont" 525
"../../../Engine/Content/EngineFonts/Roboto.uasset" 526
"../../../Engine/Content/EngineFonts/Roboto.uexp" 527
"../../../Engine/Content/EngineDebugMaterials/VolumeToRender.uasset" 528
"../../../Engine/Content/EngineDebugMaterials/VolumeToRender.uexp" 529
"../../../Engine/Content/EngineDebugMaterials/M_VolumeRenderSphereTracePP.uasset" 530
"../../../Engine/Content/EngineDebugMaterials/M_VolumeRenderSphereTracePP.uexp" 531
"../../../Engine/Content/EngineDebugMaterials/M_SimpleUnlitTranslucent.uasset" 532
"../../../Engine/Content/EngineDebugMaterials/M_SimpleUnlitTranslucent.uexp" 533
"../../../Engine/Content/EngineDebugMaterials/DebugMeshMaterial.uasset" 534
"../../../Engine/Content/EngineDebugMaterials/DebugMeshMaterial.uexp" 535
"../../../Engine/Content/EngineDebugMaterials/DebugEditorMaterial.uasset" 536
"../../../Engine/Content/EngineDebugMaterials/DebugEditorMaterial.uexp" 537
"../../../Engine/Content/EngineDamageTypes/DmgTypeBP_Environmental.uasset" 538
"../../../Engine/Content/EngineDamageTypes/DmgTypeBP_Environmental.uexp" 539
"../../../Engine/Plugins/Enterprise/DatasmithContent/Content/Materials/_common/Textures/T_GenericBrickGlass_M.ubulk" 540
"../../../Engine/Plugins/Enterprise/DatasmithContent/Content/Materials/_common/Textures/T_GenericBrickGlass_M.uasset" 541
"../../../Engine/Plugins/Enterprise/DatasmithContent/Content/Materials/_common/Textures/T_GenericBrickGlass_M.uexp" 542
"../../../Engine/Content/Functions/Engine_MaterialFunctions02/Math/Transform3x3Matrix.uasset" 543
"../../../Engine/Content/Functions/Engine_MaterialFunctions02/Math/Transform3x3Matrix.uexp" 544
"../../../Engine/Plugins/Enterprise/DatasmithContent/Content/Materials/_common/Textures/T_Generic_N.uasset" 545
"../../../Engine/Plugins/Enterprise/DatasmithContent/Content/Materials/_common/Textures/T_Generic_N.uexp" 546
"../../../Engine/Plugins/Enterprise/DatasmithContent/Content/Materials/_common/MaterialFunctions/MF_Triplanar_NormalsCorrection.uasset" 547
"../../../Engine/Plugins/Enterprise/DatasmithContent/Content/Materials/_common/MaterialFunctions/MF_Triplanar_NormalsCorrection.uexp" 548
"../../../Engine/Plugins/Enterprise/DatasmithContent/Content/Materials/_common/MaterialFunctions/BaseModules/MF_Normals.uasset" 549
"../../../Engine/Plugins/Enterprise/DatasmithContent/Content/Materials/_common/MaterialFunctions/BaseModules/MF_Normals.uexp" 550
"../../../Engine/Plugins/Enterprise/DatasmithContent/Content/Materials/_common/MaterialFunctions/MF_RotateV2.uasset" 551
"../../../Engine/Plugins/Enterprise/DatasmithContent/Content/Materials/_common/MaterialFunctions/MF_RotateV2.uexp" 552
"../../../Engine/Plugins/Enterprise/DatasmithContent/Content/Materials/_common/MaterialFunctions/MF_TransUVs.uasset" 553
"../../../Engine/Plugins/Enterprise/DatasmithContent/Content/Materials/_common/MaterialFunctions/MF_TransUVs.uexp" 554
"../../../Engine/Plugins/Enterprise/DatasmithContent/Content/Materials/_common/MaterialFunctions/BaseModules/MF_TransformUVs.uasset" 555
"../../../Engine/Plugins/Enterprise/DatasmithContent/Content/Materials/_common/MaterialFunctions/BaseModules/MF_TransformUVs.uexp" 556
"../../../Engine/Plugins/Enterprise/DatasmithContent/Content/Materials/StdTranslucent/MFAttr_StdTranslucent.uasset" 557
"../../../Engine/Plugins/Enterprise/DatasmithContent/Content/Materials/StdTranslucent/MFAttr_StdTranslucent.uexp" 558
"../../../Engine/Content/Functions/Engine_MaterialFunctions02/WorldPositionOffset/LocalPosition.uasset" 559
"../../../Engine/Content/Functions/Engine_MaterialFunctions02/WorldPositionOffset/LocalPosition.uexp" 560
"../../../Engine/Plugins/Enterprise/DatasmithContent/Content/Materials/_common/MaterialFunctions/MF_Triplanar_Mask.uasset" 561
"../../../Engine/Plugins/Enterprise/DatasmithContent/Content/Materials/_common/MaterialFunctions/MF_Triplanar_Mask.uexp" 562
"../../../Engine/Plugins/Enterprise/DatasmithContent/Content/Materials/_common/MaterialFunctions/MF_TriplanerProj.uasset" 563
"../../../Engine/Plugins/Enterprise/DatasmithContent/Content/Materials/_common/MaterialFunctions/MF_TriplanerProj.uexp" 564
"../../../Engine/Plugins/Enterprise/DatasmithContent/Content/Materials/StdTranslucent/M_StdTranslucent.uasset" 565
"../../../Engine/Plugins/Enterprise/DatasmithContent/Content/Materials/StdTranslucent/M_StdTranslucent.uexp" 566
"../../../Engine/Content/Functions/Engine_MaterialFunctions02/Math/InverseTransformMatrix.uasset" 567
"../../../Engine/Content/Functions/Engine_MaterialFunctions02/Math/InverseTransformMatrix.uexp" 568
"../../../Engine/Plugins/Enterprise/DatasmithContent/Content/Materials/_common/MaterialFunctions/MF_ViewTrace_DerivedTan.uasset" 569
"../../../Engine/Plugins/Enterprise/DatasmithContent/Content/Materials/_common/MaterialFunctions/MF_ViewTrace_DerivedTan.uexp" 570
"../../../Engine/Plugins/Enterprise/DatasmithContent/Content/Materials/_common/MaterialFunctions/RayTracing/MF_RTSwitch.uasset" 571
"../../../Engine/Plugins/Enterprise/DatasmithContent/Content/Materials/_common/MaterialFunctions/RayTracing/MF_RTSwitch.uexp" 572
"../../../Engine/Plugins/Enterprise/DatasmithContent/Content/Materials/_common/MaterialFunctions/MF_ViewTrace_InternalTan.uasset" 573
"../../../Engine/Plugins/Enterprise/DatasmithContent/Content/Materials/_common/MaterialFunctions/MF_ViewTrace_InternalTan.uexp" 574
"../../../Engine/Plugins/Enterprise/DatasmithContent/Content/Materials/_common/Textures/T_Generic_H.uasset" 575
"../../../Engine/Plugins/Enterprise/DatasmithContent/Content/Materials/_common/Textures/T_Generic_H.uexp" 576
"../../../Engine/Plugins/Enterprise/DatasmithContent/Content/Materials/_common/MaterialFunctions/BaseModules/MF_ParallaxOcc.uasset" 577
"../../../Engine/Plugins/Enterprise/DatasmithContent/Content/Materials/_common/MaterialFunctions/BaseModules/MF_ParallaxOcc.uexp" 578
"../../../Engine/Plugins/Enterprise/DatasmithContent/Content/Materials/_common/Textures/T_Generic_BC.uasset" 579
"../../../Engine/Plugins/Enterprise/DatasmithContent/Content/Materials/_common/Textures/T_Generic_BC.uexp" 580
"../../../Engine/Plugins/Enterprise/DatasmithContent/Content/Materials/_common/Textures/T_Generic_M.uasset" 581
"../../../Engine/Plugins/Enterprise/DatasmithContent/Content/Materials/_common/Textures/T_Generic_M.uexp" 582
"../../../Engine/Plugins/Enterprise/DatasmithContent/Content/Materials/_common/MaterialFunctions/BaseModules/MF_BaseColor.uasset" 583
"../../../Engine/Plugins/Enterprise/DatasmithContent/Content/Materials/_common/MaterialFunctions/BaseModules/MF_BaseColor.uexp" 584
"../../../Engine/Plugins/Enterprise/DatasmithContent/Content/Materials/_common/Textures/T_Generic_E.uasset" 585
"../../../Engine/Plugins/Enterprise/DatasmithContent/Content/Materials/_common/Textures/T_Generic_E.uexp" 586
"../../../Engine/Plugins/Enterprise/DatasmithContent/Content/Materials/_common/MaterialFunctions/BaseModules/MF_Emissive.uasset" 587
"../../../Engine/Plugins/Enterprise/DatasmithContent/Content/Materials/_common/MaterialFunctions/BaseModules/MF_Emissive.uexp" 588
"../../../Engine/Plugins/Enterprise/DatasmithContent/Content/Materials/_common/Textures/T_Generic_MT.uasset" 589
"../../../Engine/Plugins/Enterprise/DatasmithContent/Content/Materials/_common/Textures/T_Generic_MT.uexp" 590
"../../../Engine/Plugins/Enterprise/DatasmithContent/Content/Materials/_common/MaterialFunctions/BaseModules/MF_Metallic.uasset" 591
"../../../Engine/Plugins/Enterprise/DatasmithContent/Content/Materials/_common/MaterialFunctions/BaseModules/MF_Metallic.uexp" 592
"../../../Engine/Plugins/Enterprise/DatasmithContent/Content/Materials/_common/Textures/T_GenericHalfGray_R.uasset" 593
"../../../Engine/Plugins/Enterprise/DatasmithContent/Content/Materials/_common/Textures/T_GenericHalfGray_R.uexp" 594
"../../../Engine/Plugins/Enterprise/DatasmithContent/Content/Materials/_common/MaterialFunctions/BaseModules/MF_Roughness.uasset" 595
"../../../Engine/Plugins/Enterprise/DatasmithContent/Content/Materials/_common/MaterialFunctions/BaseModules/MF_Roughness.uexp" 596
"../../../Engine/Plugins/Enterprise/DatasmithContent/Content/Materials/StdOpaque/MFAttr_StdOpaque.uasset" 597
"../../../Engine/Plugins/Enterprise/DatasmithContent/Content/Materials/StdOpaque/MFAttr_StdOpaque.uexp" 598
"../../../Engine/Plugins/Enterprise/DatasmithContent/Content/Materials/StdOpaque/M_StdOpaque.uasset" 599
"../../../Engine/Plugins/Enterprise/DatasmithContent/Content/Materials/StdOpaque/M_StdOpaque.uexp" 600
"../../../Engine/Plugins/Enterprise/DatasmithContent/Content/Materials/StdEmissive/MFAttr_Emissive.uasset" 601
"../../../Engine/Plugins/Enterprise/DatasmithContent/Content/Materials/StdEmissive/MFAttr_Emissive.uexp" 602
"../../../Engine/Plugins/Enterprise/DatasmithContent/Content/Materials/StdEmissive/M_StdEmissive.uasset" 603
"../../../Engine/Plugins/Enterprise/DatasmithContent/Content/Materials/StdEmissive/M_StdEmissive.uexp" 604
"../../../Engine/Plugins/Enterprise/DatasmithContent/Content/Materials/StdDecal/MFAttr_Decal.uasset" 605
"../../../Engine/Plugins/Enterprise/DatasmithContent/Content/Materials/StdDecal/MFAttr_Decal.uexp" 606
"../../../Engine/Plugins/Enterprise/DatasmithContent/Content/Materials/StdDecal/M_StdDecal.uasset" 607
"../../../Engine/Plugins/Enterprise/DatasmithContent/Content/Materials/StdDecal/M_StdDecal.uexp" 608
"../../../Engine/Content/MobileResources/HUD/VirtualJoystick_Background.uasset" 609
"../../../Engine/Content/MobileResources/HUD/VirtualJoystick_Background.uexp" 610
"../../../Engine/Content/MobileResources/HUD/VirtualJoystick_Thumb.uasset" 611
"../../../Engine/Content/MobileResources/HUD/VirtualJoystick_Thumb.uexp" 612
"../../../Engine/Content/MobileResources/HUD/DefaultVirtualJoysticks.uasset" 613
"../../../Engine/Content/MobileResources/HUD/DefaultVirtualJoysticks.uexp" 614
"../../../Engine/Content/EngineSky/VolumetricClouds/CloudWeatherTexture.uasset" 615
"../../../Engine/Content/EngineSky/VolumetricClouds/CloudWeatherTexture.uexp" 616
"../../../Engine/Content/Functions/Engine_MaterialFunctions02/Utility/MakeFloat2.uasset" 617
"../../../Engine/Content/Functions/Engine_MaterialFunctions02/Utility/MakeFloat2.uexp" 618
"../../../Engine/Content/EngineSky/VolumetricClouds/CloudGradientTexture.uasset" 619
"../../../Engine/Content/EngineSky/VolumetricClouds/CloudGradientTexture.uexp" 620
"../../../Engine/Content/EngineSky/VolumetricClouds/T_NoiseShape64.ubulk" 621
"../../../Engine/Content/EngineSky/VolumetricClouds/T_NoiseShape64.uasset" 622
"../../../Engine/Content/EngineSky/VolumetricClouds/T_NoiseShape64.uexp" 623
"../../../Engine/Content/EngineSky/VolumetricClouds/T_VolumeNoiseShape64.uasset" 624
"../../../Engine/Content/EngineSky/VolumetricClouds/T_VolumeNoiseShape64.uexp" 625
"../../../Engine/Content/EngineSky/VolumetricClouds/T_NoiseErosion.ubulk" 626
"../../../Engine/Content/EngineSky/VolumetricClouds/T_NoiseErosion.uasset" 627
"../../../Engine/Content/EngineSky/VolumetricClouds/T_NoiseErosion.uexp" 628
"../../../Engine/Content/EngineSky/VolumetricClouds/T_VolumeNoiseErosion32.uasset" 629
"../../../Engine/Content/EngineSky/VolumetricClouds/T_VolumeNoiseErosion32.uexp" 630
"../../../Engine/Content/EngineSky/VolumetricClouds/m_SimpleVolumetricCloud.uasset" 631
"../../../Engine/Content/EngineSky/VolumetricClouds/m_SimpleVolumetricCloud.uexp" 632
"../../../Engine/Content/EngineSky/VolumetricClouds/m_SimpleVolumetricCloud_Inst.uasset" 633
"../../../Engine/Content/EngineSky/VolumetricClouds/m_SimpleVolumetricCloud_Inst.uexp" 634
"../../../Engine/Content/EngineResources/FilmGrains/Marcie_Grain_v3_128_M2_000.uasset" 635
"../../../Engine/Content/EngineResources/FilmGrains/Marcie_Grain_v3_128_M2_000.uexp" 636
"../../../Engine/Content/BasicShapes/Cone.ubulk" 637
"../../../Engine/Content/BasicShapes/Cone.uasset" 638
"../../../Engine/Content/BasicShapes/Cone.uexp" 639
"../../../Engine/Content/Animation/DefaultRecorderBoneCompression.uasset" 640
"../../../Engine/Content/Animation/DefaultRecorderBoneCompression.uexp" 641
"../../../Engine/Content/Animation/DefaultAnimCurveCompressionSettings.uasset" 642
"../../../Engine/Content/Animation/DefaultAnimCurveCompressionSettings.uexp" 643
"../../../Engine/Content/Animation/DefaultAnimBoneCompressionSettings.uasset" 644
"../../../Engine/Content/Animation/DefaultAnimBoneCompressionSettings.uexp" 645
"../../../Engine/Content/Functions/Engine_MaterialFunctions01/Shading/PowerToRoughness.uasset" 646
"../../../Engine/Content/Functions/Engine_MaterialFunctions01/Shading/PowerToRoughness.uexp" 647
"../../../Engine/Content/Functions/Engine_MaterialFunctions01/Shading/ConvertFromDiffSpec.uasset" 648
"../../../Engine/Content/Functions/Engine_MaterialFunctions01/Shading/ConvertFromDiffSpec.uexp" 649
"../../../Engine/Content/Maps/Entry_BuiltData.uasset" 650
"../../../Engine/Content/Maps/Entry_BuiltData.uexp" 651
"../../../Engine/Content/Maps/Entry.uexp" 652
"../../../Engine/Content/Maps/Entry.umap" 653
"D:/Academy projects/Unrealprojects/BotManiaHumanitysh/Content/RenderTargets/CCTV6.uasset" 654
"D:/Academy projects/Unrealprojects/BotManiaHumanitysh/Content/RenderTargets/CCTV6.uexp" 655
"D:/Academy projects/Unrealprojects/BotManiaHumanitysh/Content/RenderTargets/CCTV4.uasset" 656
"D:/Academy projects/Unrealprojects/BotManiaHumanitysh/Content/RenderTargets/CCTV4.uexp" 657
"../../../Engine/Content/BasicShapes/Cube.ubulk" 658
"../../../Engine/Content/BasicShapes/Cube.uasset" 659
"../../../Engine/Content/BasicShapes/Cube.uexp" 660
"D:/Academy projects/Unrealprojects/BotManiaHumanitysh/Content/Blueprints/GameNight/UI_BP/BM_YouWin.uasset" 661
"D:/Academy projects/Unrealprojects/BotManiaHumanitysh/Content/Blueprints/GameNight/UI_BP/BM_YouWin.uexp" 662
"D:/Academy projects/Unrealprojects/BotManiaHumanitysh/Content/Blueprints/GameNight/BP_PContr.uasset" 663
"D:/Academy projects/Unrealprojects/BotManiaHumanitysh/Content/Blueprints/GameNight/BP_PContr.uexp" 664
"D:/Academy projects/Unrealprojects/BotManiaHumanitysh/Content/Models/Black.uasset" 665
"D:/Academy projects/Unrealprojects/BotManiaHumanitysh/Content/Models/Black.uexp" 666
"D:/Academy projects/Unrealprojects/BotManiaHumanitysh/Content/Models/Blue.uasset" 667
"D:/Academy projects/Unrealprojects/BotManiaHumanitysh/Content/Models/Blue.uexp" 668
"D:/Academy projects/Unrealprojects/BotManiaHumanitysh/Content/Models/BotModel.ubulk" 669
"D:/Academy projects/Unrealprojects/BotManiaHumanitysh/Content/Models/BotModel.uasset" 670
"D:/Academy projects/Unrealprojects/BotManiaHumanitysh/Content/Models/BotModel.uexp" 671
"D:/Academy projects/Unrealprojects/BotManiaHumanitysh/Content/Models/Red.uasset" 672
"D:/Academy projects/Unrealprojects/BotManiaHumanitysh/Content/Models/Red.uexp" 673
"D:/Academy projects/Unrealprojects/BotManiaHumanitysh/Content/Blueprints/GameNight/EnemyAI2.uasset" 674
"D:/Academy projects/Unrealprojects/BotManiaHumanitysh/Content/Blueprints/GameNight/EnemyAI2.uexp" 675
"D:/Academy projects/Unrealprojects/BotManiaHumanitysh/Content/Blueprints/GameNight/EnemyAI3.uasset" 676
"D:/Academy projects/Unrealprojects/BotManiaHumanitysh/Content/Blueprints/GameNight/EnemyAI3.uexp" 677
"D:/Academy projects/Unrealprojects/BotManiaHumanitysh/Content/Blueprints/GameNight/UI_BP/WBP_DoorMiddle.uasset" 678
"D:/Academy projects/Unrealprojects/BotManiaHumanitysh/Content/Blueprints/GameNight/UI_BP/WBP_DoorMiddle.uexp" 679
"D:/Academy projects/Unrealprojects/BotManiaHumanitysh/Content/Blueprints/GameNight/UI_BP/WBP_DoorLeft.uasset" 680
"D:/Academy projects/Unrealprojects/BotManiaHumanitysh/Content/Blueprints/GameNight/UI_BP/WBP_DoorLeft.uexp" 681
"D:/Academy projects/Unrealprojects/BotManiaHumanitysh/Content/Blueprints/GameNight/UI_BP/WBP_DoorRight.uasset" 682
"D:/Academy projects/Unrealprojects/BotManiaHumanitysh/Content/Blueprints/GameNight/UI_BP/WBP_DoorRight.uexp" 683
"../../../Engine/Content/BasicShapes/BasicShapeMaterial.uasset" 684
"../../../Engine/Content/BasicShapes/BasicShapeMaterial.uexp" 685
"D:/Academy projects/Unrealprojects/BotManiaHumanitysh/Content/Blueprints/GameNight/BP_DoorSystem.uasset" 686
"D:/Academy projects/Unrealprojects/BotManiaHumanitysh/Content/Blueprints/GameNight/BP_DoorSystem.uexp" 687
"D:/Academy projects/Unrealprojects/BotManiaHumanitysh/Content/Blueprints/GameNight/BP_GameNight.uasset" 688
"D:/Academy projects/Unrealprojects/BotManiaHumanitysh/Content/Blueprints/GameNight/BP_GameNight.uexp" 689
"D:/Academy projects/Unrealprojects/BotManiaHumanitysh/Content/RenderTargets/CCTV8.uasset" 690
"D:/Academy projects/Unrealprojects/BotManiaHumanitysh/Content/RenderTargets/CCTV8.uexp" 691
"D:/Academy projects/Unrealprojects/BotManiaHumanitysh/Content/RenderTargets/CCTV8_Mat.uasset" 692
"D:/Academy projects/Unrealprojects/BotManiaHumanitysh/Content/RenderTargets/CCTV8_Mat.uexp" 693
"D:/Academy projects/Unrealprojects/BotManiaHumanitysh/Content/RenderTargets/CCTV9.uasset" 694
"D:/Academy projects/Unrealprojects/BotManiaHumanitysh/Content/RenderTargets/CCTV9.uexp" 695
"D:/Academy projects/Unrealprojects/BotManiaHumanitysh/Content/RenderTargets/CCTV9_Mat.uasset" 696
"D:/Academy projects/Unrealprojects/BotManiaHumanitysh/Content/RenderTargets/CCTV9_Mat.uexp" 697
"D:/Academy projects/Unrealprojects/BotManiaHumanitysh/Content/RenderTargets/CCTV5.uasset" 698
"D:/Academy projects/Unrealprojects/BotManiaHumanitysh/Content/RenderTargets/CCTV5.uexp" 699
"D:/Academy projects/Unrealprojects/BotManiaHumanitysh/Content/RenderTargets/CCTV5_Mat.uasset" 700
"D:/Academy projects/Unrealprojects/BotManiaHumanitysh/Content/RenderTargets/CCTV5_Mat.uexp" 701
"D:/Academy projects/Unrealprojects/BotManiaHumanitysh/Content/Textures/MapConcept.uasset" 702
"D:/Academy projects/Unrealprojects/BotManiaHumanitysh/Content/Textures/MapConcept.uexp" 703
"D:/Academy projects/Unrealprojects/BotManiaHumanitysh/Content/Blueprints/GameNight/UI_BP/WBP_CamUI.uasset" 704
"D:/Academy projects/Unrealprojects/BotManiaHumanitysh/Content/Blueprints/GameNight/UI_BP/WBP_CamUI.uexp" 705
"D:/Academy projects/Unrealprojects/BotManiaHumanitysh/Content/RenderTargets/CCTV4_Mat.uasset" 706
"D:/Academy projects/Unrealprojects/BotManiaHumanitysh/Content/RenderTargets/CCTV4_Mat.uexp" 707
"D:/Academy projects/Unrealprojects/BotManiaHumanitysh/Content/RenderTargets/CCTV10.uasset" 708
"D:/Academy projects/Unrealprojects/BotManiaHumanitysh/Content/RenderTargets/CCTV10.uexp" 709
"D:/Academy projects/Unrealprojects/BotManiaHumanitysh/Content/RenderTargets/CCTV10_Mat.uasset" 710
"D:/Academy projects/Unrealprojects/BotManiaHumanitysh/Content/RenderTargets/CCTV10_Mat.uexp" 711
"D:/Academy projects/Unrealprojects/BotManiaHumanitysh/Content/RenderTargets/CCTV6_Mat.uasset" 712
"D:/Academy projects/Unrealprojects/BotManiaHumanitysh/Content/RenderTargets/CCTV6_Mat.uexp" 713
"D:/Academy projects/Unrealprojects/BotManiaHumanitysh/Content/RenderTargets/CCTV3.uasset" 714
"D:/Academy projects/Unrealprojects/BotManiaHumanitysh/Content/RenderTargets/CCTV3.uexp" 715
"D:/Academy projects/Unrealprojects/BotManiaHumanitysh/Content/RenderTargets/CCTV3_Mat.uasset" 716
"D:/Academy projects/Unrealprojects/BotManiaHumanitysh/Content/RenderTargets/CCTV3_Mat.uexp" 717
"D:/Academy projects/Unrealprojects/BotManiaHumanitysh/Content/RenderTargets/CCTV7.uasset" 718
"D:/Academy projects/Unrealprojects/BotManiaHumanitysh/Content/RenderTargets/CCTV7.uexp" 719
"D:/Academy projects/Unrealprojects/BotManiaHumanitysh/Content/RenderTargets/CCTV7_Mat.uasset" 720
"D:/Academy projects/Unrealprojects/BotManiaHumanitysh/Content/RenderTargets/CCTV7_Mat.uexp" 721
"D:/Academy projects/Unrealprojects/BotManiaHumanitysh/Content/RenderTargets/CCTV1.uasset" 722
"D:/Academy projects/Unrealprojects/BotManiaHumanitysh/Content/RenderTargets/CCTV1.uexp" 723
"D:/Academy projects/Unrealprojects/BotManiaHumanitysh/Content/RenderTargets/CCTV1_Mat.uasset" 724
"D:/Academy projects/Unrealprojects/BotManiaHumanitysh/Content/RenderTargets/CCTV1_Mat.uexp" 725
"D:/Academy projects/Unrealprojects/BotManiaHumanitysh/Content/RenderTargets/CCTV2.uasset" 726
"D:/Academy projects/Unrealprojects/BotManiaHumanitysh/Content/RenderTargets/CCTV2.uexp" 727
"D:/Academy projects/Unrealprojects/BotManiaHumanitysh/Content/RenderTargets/CCTV2_Mat.uasset" 728
"D:/Academy projects/Unrealprojects/BotManiaHumanitysh/Content/RenderTargets/CCTV2_Mat.uexp" 729
"D:/Academy projects/Unrealprojects/BotManiaHumanitysh/Content/Blueprints/GameNight/BM_SecurityCamSystem.uasset" 730
"D:/Academy projects/Unrealprojects/BotManiaHumanitysh/Content/Blueprints/GameNight/BM_SecurityCamSystem.uexp" 731
"D:/Academy projects/Unrealprojects/BotManiaHumanitysh/Content/Blueprints/GameNight/UI_BP/BP_GameNight_UI.uasset" 732
"D:/Academy projects/Unrealprojects/BotManiaHumanitysh/Content/Blueprints/GameNight/UI_BP/BP_GameNight_UI.uexp" 733
"D:/Academy projects/Unrealprojects/BotManiaHumanitysh/Content/Models/Green.uasset" 734
"D:/Academy projects/Unrealprojects/BotManiaHumanitysh/Content/Models/Green.uexp" 735
"D:/Academy projects/Unrealprojects/BotManiaHumanitysh/Content/Blueprints/GameNight/EnemyAI.uasset" 736
"D:/Academy projects/Unrealprojects/BotManiaHumanitysh/Content/Blueprints/GameNight/EnemyAI.uexp" 737
"D:/Academy projects/Unrealprojects/BotManiaHumanitysh/Content/Blueprints/GameNight/UI_BP/BM_YouLost.uasset" 738
"D:/Academy projects/Unrealprojects/BotManiaHumanitysh/Content/Blueprints/GameNight/UI_BP/BM_YouLost.uexp" 739
"D:/Academy projects/Unrealprojects/BotManiaHumanitysh/Content/Blueprints/GameNight/BP_BMHSGM.uasset" 740
"D:/Academy projects/Unrealprojects/BotManiaHumanitysh/Content/Blueprints/GameNight/BP_BMHSGM.uexp" 741
"D:/Academy projects/Unrealprojects/BotManiaHumanitysh/Content/Blueprints/GameNight/UI_BP/WBP_ChargeButton.uasset" 742
"D:/Academy projects/Unrealprojects/BotManiaHumanitysh/Content/Blueprints/GameNight/UI_BP/WBP_ChargeButton.uexp" 743
"D:/Academy projects/Unrealprojects/BotManiaHumanitysh/Content/Blueprints/GameNight/Charger.uasset" 744
"D:/Academy projects/Unrealprojects/BotManiaHumanitysh/Content/Blueprints/GameNight/Charger.uexp" 745
"D:/Academy projects/Unrealprojects/BotManiaHumanitysh/Content/Models/Map.ubulk" 746
"D:/Academy projects/Unrealprojects/BotManiaHumanitysh/Content/Models/Map.uasset" 747
"D:/Academy projects/Unrealprojects/BotManiaHumanitysh/Content/Models/Map.uexp" 748
"D:/Academy projects/Unrealprojects/BotManiaHumanitysh/Content/Blueprints/GameNight/CCTVCam.uasset" 749
"D:/Academy projects/Unrealprojects/BotManiaHumanitysh/Content/Blueprints/GameNight/CCTVCam.uexp" 750
"D:/Academy projects/Unrealprojects/BotManiaHumanitysh/Content/RenderTargets/MapMaterial.uasset" 751
"D:/Academy projects/Unrealprojects/BotManiaHumanitysh/Content/RenderTargets/MapMaterial.uexp" 752
"D:/Academy projects/Unrealprojects/BotManiaHumanitysh/Content/Scenes/GameNight.uexp" 753
"D:/Academy projects/Unrealprojects/BotManiaHumanitysh/Content/Scenes/GameNight.umap" 754
